[2017-05-30 22:11:16] local.ERROR: Symfony\Component\Console\Exception\CommandNotFoundException: Command "route" is not defined.

Did you mean one of these?
    route:cache
    route:clear
    route:list in C:\Users\chico\Documents\Aplicaciones Laravel\sisVentas\vendor\symfony\console\Application.php:579
Stack trace:
#0 C:\Users\chico\Documents\Aplicaciones Laravel\sisVentas\vendor\symfony\console\Application.php(204): Symfony\Component\Console\Application->find('route')
#1 C:\Users\chico\Documents\Aplicaciones Laravel\sisVentas\vendor\symfony\console\Application.php(130): Symfony\Component\Console\Application->doRun(Object(Symfony\Component\Console\Input\ArgvInput), Object(Symfony\Component\Console\Output\ConsoleOutput))
#2 C:\Users\chico\Documents\Aplicaciones Laravel\sisVentas\vendor\laravel\framework\src\Illuminate\Foundation\Console\Kernel.php(122): Symfony\Component\Console\Application->run(Object(Symfony\Component\Console\Input\ArgvInput), Object(Symfony\Component\Console\Output\ConsoleOutput))
#3 C:\Users\chico\Documents\Aplicaciones Laravel\sisVentas\artisan(35): Illuminate\Foundation\Console\Kernel->handle(Object(Symfony\Component\Console\Input\ArgvInput), Object(Symfony\Component\Console\Output\ConsoleOutput))
#4 {main}  
[2017-05-30 23:06:55] local.ERROR: Symfony\Component\Console\Exception\RuntimeException: The "-e" option does not exist. in C:\Users\chico\Documents\Aplicaciones Laravel\sisVentas\vendor\symfony\console\Input\ArgvInput.php:126
Stack trace:
#0 C:\Users\chico\Documents\Aplicaciones Laravel\sisVentas\vendor\symfony\console\Input\ArgvInput.php(107): Symfony\Component\Console\Input\ArgvInput->parseShortOptionSet('help')
#1 C:\Users\chico\Documents\Aplicaciones Laravel\sisVentas\vendor\symfony\console\Input\ArgvInput.php(86): Symfony\Component\Console\Input\ArgvInput->parseShortOption('-help')
#2 C:\Users\chico\Documents\Aplicaciones Laravel\sisVentas\vendor\symfony\console\Input\Input.php(63): Symfony\Component\Console\Input\ArgvInput->parse()
#3 C:\Users\chico\Documents\Aplicaciones Laravel\sisVentas\vendor\symfony\console\Command\Command.php(222): Symfony\Component\Console\Input\Input->bind(Object(Symfony\Component\Console\Input\InputDefinition))
#4 C:\Users\chico\Documents\Aplicaciones Laravel\sisVentas\vendor\laravel\framework\src\Illuminate\Console\Command.php(167): Symfony\Component\Console\Command\Command->run(Object(Symfony\Component\Console\Input\ArgvInput), Object(Illuminate\Console\OutputStyle))
#5 C:\Users\chico\Documents\Aplicaciones Laravel\sisVentas\vendor\symfony\console\Application.php(869): Illuminate\Console\Command->run(Object(Symfony\Component\Console\Input\ArgvInput), Object(Symfony\Component\Console\Output\ConsoleOutput))
#6 C:\Users\chico\Documents\Aplicaciones Laravel\sisVentas\vendor\symfony\console\Application.php(223): Symfony\Component\Console\Application->doRunCommand(Object(Illuminate\Foundation\Console\ServeCommand), Object(Symfony\Component\Console\Input\ArgvInput), Object(Symfony\Component\Console\Output\ConsoleOutput))
#7 C:\Users\chico\Documents\Aplicaciones Laravel\sisVentas\vendor\symfony\console\Application.php(130): Symfony\Component\Console\Application->doRun(Object(Symfony\Component\Console\Input\ArgvInput), Object(Symfony\Component\Console\Output\ConsoleOutput))
#8 C:\Users\chico\Documents\Aplicaciones Laravel\sisVentas\vendor\laravel\framework\src\Illuminate\Foundation\Console\Kernel.php(122): Symfony\Component\Console\Application->run(Object(Symfony\Component\Console\Input\ArgvInput), Object(Symfony\Component\Console\Output\ConsoleOutput))
#9 C:\Users\chico\Documents\Aplicaciones Laravel\sisVentas\artisan(35): Illuminate\Foundation\Console\Kernel->handle(Object(Symfony\Component\Console\Input\ArgvInput), Object(Symfony\Component\Console\Output\ConsoleOutput))
#10 {main}  
[2017-05-30 23:15:44] local.ERROR: Symfony\Component\Debug\Exception\FatalThrowableError: Parse error: syntax error, unexpected '(', expecting identifier (T_STRING) or variable (T_VARIABLE) or '{' or '$' in C:\Users\chico\Documents\Aplicaciones Laravel\sisVentas\app\Http\Controllers\CategoriaController.php:54
Stack trace:
#0 C:\Users\chico\Documents\Aplicaciones Laravel\sisVentas\vendor\composer\ClassLoader.php(322): Composer\Autoload\includeFile('C:\\Users\\chico\\...')
#1 [internal function]: Composer\Autoload\ClassLoader->loadClass('sisVentas\\Http\\...')
#2 [internal function]: spl_autoload_call('sisVentas\\Http\\...')
#3 C:\Users\chico\Documents\Aplicaciones Laravel\sisVentas\vendor\laravel\framework\src\Illuminate\Container\Container.php(729): ReflectionClass->__construct('sisVentas\\Http\\...')
#4 C:\Users\chico\Documents\Aplicaciones Laravel\sisVentas\vendor\laravel\framework\src\Illuminate\Container\Container.php(608): Illuminate\Container\Container->build('sisVentas\\Http\\...')
#5 C:\Users\chico\Documents\Aplicaciones Laravel\sisVentas\vendor\laravel\framework\src\Illuminate\Container\Container.php(575): Illuminate\Container\Container->resolve('sisVentas\\Http\\...')
#6 C:\Users\chico\Documents\Aplicaciones Laravel\sisVentas\vendor\laravel\framework\src\Illuminate\Foundation\Application.php(728): Illuminate\Container\Container->make('sisVentas\\Http\\...')
#7 C:\Users\chico\Documents\Aplicaciones Laravel\sisVentas\vendor\laravel\framework\src\Illuminate\Routing\Route.php(217): Illuminate\Foundation\Application->make('sisVentas\\Http\\...')
#8 C:\Users\chico\Documents\Aplicaciones Laravel\sisVentas\vendor\laravel\framework\src\Illuminate\Routing\Route.php(747): Illuminate\Routing\Route->getController()
#9 C:\Users\chico\Documents\Aplicaciones Laravel\sisVentas\vendor\laravel\framework\src\Illuminate\Routing\Route.php(708): Illuminate\Routing\Route->controllerMiddleware()
#10 C:\Users\chico\Documents\Aplicaciones Laravel\sisVentas\vendor\laravel\framework\src\Illuminate\Routing\Router.php(587): Illuminate\Routing\Route->gatherMiddleware()
#11 C:\Users\chico\Documents\Aplicaciones Laravel\sisVentas\vendor\laravel\framework\src\Illuminate\Routing\Router.php(567): Illuminate\Routing\Router->gatherRouteMiddleware(Object(Illuminate\Routing\Route))
#12 C:\Users\chico\Documents\Aplicaciones Laravel\sisVentas\vendor\laravel\framework\src\Illuminate\Routing\Router.php(535): Illuminate\Routing\Router->runRouteWithinStack(Object(Illuminate\Routing\Route), Object(Illuminate\Http\Request))
#13 C:\Users\chico\Documents\Aplicaciones Laravel\sisVentas\vendor\laravel\framework\src\Illuminate\Routing\Router.php(513): Illuminate\Routing\Router->dispatchToRoute(Object(Illuminate\Http\Request))
#14 C:\Users\chico\Documents\Aplicaciones Laravel\sisVentas\vendor\laravel\framework\src\Illuminate\Foundation\Http\Kernel.php(174): Illuminate\Routing\Router->dispatch(Object(Illuminate\Http\Request))
#15 C:\Users\chico\Documents\Aplicaciones Laravel\sisVentas\vendor\laravel\framework\src\Illuminate\Routing\Pipeline.php(30): Illuminate\Foundation\Http\Kernel->Illuminate\Foundation\Http\{closure}(Object(Illuminate\Http\Request))
#16 C:\Users\chico\Documents\Aplicaciones Laravel\sisVentas\vendor\laravel\framework\src\Illuminate\Foundation\Http\Middleware\TransformsRequest.php(30): Illuminate\Routing\Pipeline->Illuminate\Routing\{closure}(Object(Illuminate\Http\Request))
#17 C:\Users\chico\Documents\Aplicaciones Laravel\sisVentas\vendor\laravel\framework\src\Illuminate\Pipeline\Pipeline.php(148): Illuminate\Foundation\Http\Middleware\TransformsRequest->handle(Object(Illuminate\Http\Request), Object(Closure))
#18 C:\Users\chico\Documents\Aplicaciones Laravel\sisVentas\vendor\laravel\framework\src\Illuminate\Routing\Pipeline.php(53): Illuminate\Pipeline\Pipeline->Illuminate\Pipeline\{closure}(Object(Illuminate\Http\Request))
#19 C:\Users\chico\Documents\Aplicaciones Laravel\sisVentas\vendor\laravel\framework\src\Illuminate\Foundation\Http\Middleware\TransformsRequest.php(30): Illuminate\Routing\Pipeline->Illuminate\Routing\{closure}(Object(Illuminate\Http\Request))
#20 C:\Users\chico\Documents\Aplicaciones Laravel\sisVentas\vendor\laravel\framework\src\Illuminate\Pipeline\Pipeline.php(148): Illuminate\Foundation\Http\Middleware\TransformsRequest->handle(Object(Illuminate\Http\Request), Object(Closure))
#21 C:\Users\chico\Documents\Aplicaciones Laravel\sisVentas\vendor\laravel\framework\src\Illuminate\Routing\Pipeline.php(53): Illuminate\Pipeline\Pipeline->Illuminate\Pipeline\{closure}(Object(Illuminate\Http\Request))
#22 C:\Users\chico\Documents\Aplicaciones Laravel\sisVentas\vendor\laravel\framework\src\Illuminate\Foundation\Http\Middleware\ValidatePostSize.php(27): Illuminate\Routing\Pipeline->Illuminate\Routing\{closure}(Object(Illuminate\Http\Request))
#23 C:\Users\chico\Documents\Aplicaciones Laravel\sisVentas\vendor\laravel\framework\src\Illuminate\Pipeline\Pipeline.php(148): Illuminate\Foundation\Http\Middleware\ValidatePostSize->handle(Object(Illuminate\Http\Request), Object(Closure))
#24 C:\Users\chico\Documents\Aplicaciones Laravel\sisVentas\vendor\laravel\framework\src\Illuminate\Routing\Pipeline.php(53): Illuminate\Pipeline\Pipeline->Illuminate\Pipeline\{closure}(Object(Illuminate\Http\Request))
#25 C:\Users\chico\Documents\Aplicaciones Laravel\sisVentas\vendor\laravel\framework\src\Illuminate\Foundation\Http\Middleware\CheckForMaintenanceMode.php(46): Illuminate\Routing\Pipeline->Illuminate\Routing\{closure}(Object(Illuminate\Http\Request))
#26 C:\Users\chico\Documents\Aplicaciones Laravel\sisVentas\vendor\laravel\framework\src\Illuminate\Pipeline\Pipeline.php(148): Illuminate\Foundation\Http\Middleware\CheckForMaintenanceMode->handle(Object(Illuminate\Http\Request), Object(Closure))
#27 C:\Users\chico\Documents\Aplicaciones Laravel\sisVentas\vendor\laravel\framework\src\Illuminate\Routing\Pipeline.php(53): Illuminate\Pipeline\Pipeline->Illuminate\Pipeline\{closure}(Object(Illuminate\Http\Request))
#28 C:\Users\chico\Documents\Aplicaciones Laravel\sisVentas\vendor\laravel\framework\src\Illuminate\Pipeline\Pipeline.php(102): Illuminate\Routing\Pipeline->Illuminate\Routing\{closure}(Object(Illuminate\Http\Request))
#29 C:\Users\chico\Documents\Aplicaciones Laravel\sisVentas\vendor\laravel\framework\src\Illuminate\Foundation\Http\Kernel.php(149): Illuminate\Pipeline\Pipeline->then(Object(Closure))
#30 C:\Users\chico\Documents\Aplicaciones Laravel\sisVentas\vendor\laravel\framework\src\Illuminate\Foundation\Http\Kernel.php(116): Illuminate\Foundation\Http\Kernel->sendRequestThroughRouter(Object(Illuminate\Http\Request))
#31 C:\Users\chico\Documents\Aplicaciones Laravel\sisVentas\public\index.php(53): Illuminate\Foundation\Http\Kernel->handle(Object(Illuminate\Http\Request))
#32 C:\Users\chico\Documents\Aplicaciones Laravel\sisVentas\server.php(21): require_once('C:\\Users\\chico\\...')
#33 {main}  
[2017-05-30 23:17:16] local.ERROR: Symfony\Component\Debug\Exception\FatalThrowableError: Parse error: syntax error, unexpected 'class' (T_CLASS), expecting identifier (T_STRING) or '{' in C:\Users\chico\Documents\Aplicaciones Laravel\sisVentas\app\Http\Controllers\CategoriaController.php:6
Stack trace:
#0 C:\Users\chico\Documents\Aplicaciones Laravel\sisVentas\vendor\composer\ClassLoader.php(322): Composer\Autoload\includeFile('C:\\Users\\chico\\...')
#1 [internal function]: Composer\Autoload\ClassLoader->loadClass('sisVentas\\Http\\...')
#2 [internal function]: spl_autoload_call('sisVentas\\Http\\...')
#3 C:\Users\chico\Documents\Aplicaciones Laravel\sisVentas\vendor\laravel\framework\src\Illuminate\Container\Container.php(729): ReflectionClass->__construct('sisVentas\\Http\\...')
#4 C:\Users\chico\Documents\Aplicaciones Laravel\sisVentas\vendor\laravel\framework\src\Illuminate\Container\Container.php(608): Illuminate\Container\Container->build('sisVentas\\Http\\...')
#5 C:\Users\chico\Documents\Aplicaciones Laravel\sisVentas\vendor\laravel\framework\src\Illuminate\Container\Container.php(575): Illuminate\Container\Container->resolve('sisVentas\\Http\\...')
#6 C:\Users\chico\Documents\Aplicaciones Laravel\sisVentas\vendor\laravel\framework\src\Illuminate\Foundation\Application.php(728): Illuminate\Container\Container->make('sisVentas\\Http\\...')
#7 C:\Users\chico\Documents\Aplicaciones Laravel\sisVentas\vendor\laravel\framework\src\Illuminate\Routing\Route.php(217): Illuminate\Foundation\Application->make('sisVentas\\Http\\...')
#8 C:\Users\chico\Documents\Aplicaciones Laravel\sisVentas\vendor\laravel\framework\src\Illuminate\Routing\Route.php(747): Illuminate\Routing\Route->getController()
#9 C:\Users\chico\Documents\Aplicaciones Laravel\sisVentas\vendor\laravel\framework\src\Illuminate\Routing\Route.php(708): Illuminate\Routing\Route->controllerMiddleware()
#10 C:\Users\chico\Documents\Aplicaciones Laravel\sisVentas\vendor\laravel\framework\src\Illuminate\Routing\Router.php(587): Illuminate\Routing\Route->gatherMiddleware()
#11 C:\Users\chico\Documents\Aplicaciones Laravel\sisVentas\vendor\laravel\framework\src\Illuminate\Routing\Router.php(567): Illuminate\Routing\Router->gatherRouteMiddleware(Object(Illuminate\Routing\Route))
#12 C:\Users\chico\Documents\Aplicaciones Laravel\sisVentas\vendor\laravel\framework\src\Illuminate\Routing\Router.php(535): Illuminate\Routing\Router->runRouteWithinStack(Object(Illuminate\Routing\Route), Object(Illuminate\Http\Request))
#13 C:\Users\chico\Documents\Aplicaciones Laravel\sisVentas\vendor\laravel\framework\src\Illuminate\Routing\Router.php(513): Illuminate\Routing\Router->dispatchToRoute(Object(Illuminate\Http\Request))
#14 C:\Users\chico\Documents\Aplicaciones Laravel\sisVentas\vendor\laravel\framework\src\Illuminate\Foundation\Http\Kernel.php(174): Illuminate\Routing\Router->dispatch(Object(Illuminate\Http\Request))
#15 C:\Users\chico\Documents\Aplicaciones Laravel\sisVentas\vendor\laravel\framework\src\Illuminate\Routing\Pipeline.php(30): Illuminate\Foundation\Http\Kernel->Illuminate\Foundation\Http\{closure}(Object(Illuminate\Http\Request))
#16 C:\Users\chico\Documents\Aplicaciones Laravel\sisVentas\vendor\laravel\framework\src\Illuminate\Foundation\Http\Middleware\TransformsRequest.php(30): Illuminate\Routing\Pipeline->Illuminate\Routing\{closure}(Object(Illuminate\Http\Request))
#17 C:\Users\chico\Documents\Aplicaciones Laravel\sisVentas\vendor\laravel\framework\src\Illuminate\Pipeline\Pipeline.php(148): Illuminate\Foundation\Http\Middleware\TransformsRequest->handle(Object(Illuminate\Http\Request), Object(Closure))
#18 C:\Users\chico\Documents\Aplicaciones Laravel\sisVentas\vendor\laravel\framework\src\Illuminate\Routing\Pipeline.php(53): Illuminate\Pipeline\Pipeline->Illuminate\Pipeline\{closure}(Object(Illuminate\Http\Request))
#19 C:\Users\chico\Documents\Aplicaciones Laravel\sisVentas\vendor\laravel\framework\src\Illuminate\Foundation\Http\Middleware\TransformsRequest.php(30): Illuminate\Routing\Pipeline->Illuminate\Routing\{closure}(Object(Illuminate\Http\Request))
#20 C:\Users\chico\Documents\Aplicaciones Laravel\sisVentas\vendor\laravel\framework\src\Illuminate\Pipeline\Pipeline.php(148): Illuminate\Foundation\Http\Middleware\TransformsRequest->handle(Object(Illuminate\Http\Request), Object(Closure))
#21 C:\Users\chico\Documents\Aplicaciones Laravel\sisVentas\vendor\laravel\framework\src\Illuminate\Routing\Pipeline.php(53): Illuminate\Pipeline\Pipeline->Illuminate\Pipeline\{closure}(Object(Illuminate\Http\Request))
#22 C:\Users\chico\Documents\Aplicaciones Laravel\sisVentas\vendor\laravel\framework\src\Illuminate\Foundation\Http\Middleware\ValidatePostSize.php(27): Illuminate\Routing\Pipeline->Illuminate\Routing\{closure}(Object(Illuminate\Http\Request))
#23 C:\Users\chico\Documents\Aplicaciones Laravel\sisVentas\vendor\laravel\framework\src\Illuminate\Pipeline\Pipeline.php(148): Illuminate\Foundation\Http\Middleware\ValidatePostSize->handle(Object(Illuminate\Http\Request), Object(Closure))
#24 C:\Users\chico\Documents\Aplicaciones Laravel\sisVentas\vendor\laravel\framework\src\Illuminate\Routing\Pipeline.php(53): Illuminate\Pipeline\Pipeline->Illuminate\Pipeline\{closure}(Object(Illuminate\Http\Request))
#25 C:\Users\chico\Documents\Aplicaciones Laravel\sisVentas\vendor\laravel\framework\src\Illuminate\Foundation\Http\Middleware\CheckForMaintenanceMode.php(46): Illuminate\Routing\Pipeline->Illuminate\Routing\{closure}(Object(Illuminate\Http\Request))
#26 C:\Users\chico\Documents\Aplicaciones Laravel\sisVentas\vendor\laravel\framework\src\Illuminate\Pipeline\Pipeline.php(148): Illuminate\Foundation\Http\Middleware\CheckForMaintenanceMode->handle(Object(Illuminate\Http\Request), Object(Closure))
#27 C:\Users\chico\Documents\Aplicaciones Laravel\sisVentas\vendor\laravel\framework\src\Illuminate\Routing\Pipeline.php(53): Illuminate\Pipeline\Pipeline->Illuminate\Pipeline\{closure}(Object(Illuminate\Http\Request))
#28 C:\Users\chico\Documents\Aplicaciones Laravel\sisVentas\vendor\laravel\framework\src\Illuminate\Pipeline\Pipeline.php(102): Illuminate\Routing\Pipeline->Illuminate\Routing\{closure}(Object(Illuminate\Http\Request))
#29 C:\Users\chico\Documents\Aplicaciones Laravel\sisVentas\vendor\laravel\framework\src\Illuminate\Foundation\Http\Kernel.php(149): Illuminate\Pipeline\Pipeline->then(Object(Closure))
#30 C:\Users\chico\Documents\Aplicaciones Laravel\sisVentas\vendor\laravel\framework\src\Illuminate\Foundation\Http\Kernel.php(116): Illuminate\Foundation\Http\Kernel->sendRequestThroughRouter(Object(Illuminate\Http\Request))
#31 C:\Users\chico\Documents\Aplicaciones Laravel\sisVentas\public\index.php(53): Illuminate\Foundation\Http\Kernel->handle(Object(Illuminate\Http\Request))
#32 C:\Users\chico\Documents\Aplicaciones Laravel\sisVentas\server.php(21): require_once('C:\\Users\\chico\\...')
#33 {main}  
[2017-05-30 23:17:26] local.ERROR: Symfony\Component\Debug\Exception\FatalThrowableError: Parse error: syntax error, unexpected '(', expecting identifier (T_STRING) or variable (T_VARIABLE) or '{' or '$' in C:\Users\chico\Documents\Aplicaciones Laravel\sisVentas\app\Http\Controllers\CategoriaController.php:54
Stack trace:
#0 C:\Users\chico\Documents\Aplicaciones Laravel\sisVentas\vendor\composer\ClassLoader.php(322): Composer\Autoload\includeFile('C:\\Users\\chico\\...')
#1 [internal function]: Composer\Autoload\ClassLoader->loadClass('sisVentas\\Http\\...')
#2 [internal function]: spl_autoload_call('sisVentas\\Http\\...')
#3 C:\Users\chico\Documents\Aplicaciones Laravel\sisVentas\vendor\laravel\framework\src\Illuminate\Container\Container.php(729): ReflectionClass->__construct('sisVentas\\Http\\...')
#4 C:\Users\chico\Documents\Aplicaciones Laravel\sisVentas\vendor\laravel\framework\src\Illuminate\Container\Container.php(608): Illuminate\Container\Container->build('sisVentas\\Http\\...')
#5 C:\Users\chico\Documents\Aplicaciones Laravel\sisVentas\vendor\laravel\framework\src\Illuminate\Container\Container.php(575): Illuminate\Container\Container->resolve('sisVentas\\Http\\...')
#6 C:\Users\chico\Documents\Aplicaciones Laravel\sisVentas\vendor\laravel\framework\src\Illuminate\Foundation\Application.php(728): Illuminate\Container\Container->make('sisVentas\\Http\\...')
#7 C:\Users\chico\Documents\Aplicaciones Laravel\sisVentas\vendor\laravel\framework\src\Illuminate\Routing\Route.php(217): Illuminate\Foundation\Application->make('sisVentas\\Http\\...')
#8 C:\Users\chico\Documents\Aplicaciones Laravel\sisVentas\vendor\laravel\framework\src\Illuminate\Routing\Route.php(747): Illuminate\Routing\Route->getController()
#9 C:\Users\chico\Documents\Aplicaciones Laravel\sisVentas\vendor\laravel\framework\src\Illuminate\Routing\Route.php(708): Illuminate\Routing\Route->controllerMiddleware()
#10 C:\Users\chico\Documents\Aplicaciones Laravel\sisVentas\vendor\laravel\framework\src\Illuminate\Routing\Router.php(587): Illuminate\Routing\Route->gatherMiddleware()
#11 C:\Users\chico\Documents\Aplicaciones Laravel\sisVentas\vendor\laravel\framework\src\Illuminate\Routing\Router.php(567): Illuminate\Routing\Router->gatherRouteMiddleware(Object(Illuminate\Routing\Route))
#12 C:\Users\chico\Documents\Aplicaciones Laravel\sisVentas\vendor\laravel\framework\src\Illuminate\Routing\Router.php(535): Illuminate\Routing\Router->runRouteWithinStack(Object(Illuminate\Routing\Route), Object(Illuminate\Http\Request))
#13 C:\Users\chico\Documents\Aplicaciones Laravel\sisVentas\vendor\laravel\framework\src\Illuminate\Routing\Router.php(513): Illuminate\Routing\Router->dispatchToRoute(Object(Illuminate\Http\Request))
#14 C:\Users\chico\Documents\Aplicaciones Laravel\sisVentas\vendor\laravel\framework\src\Illuminate\Foundation\Http\Kernel.php(174): Illuminate\Routing\Router->dispatch(Object(Illuminate\Http\Request))
#15 C:\Users\chico\Documents\Aplicaciones Laravel\sisVentas\vendor\laravel\framework\src\Illuminate\Routing\Pipeline.php(30): Illuminate\Foundation\Http\Kernel->Illuminate\Foundation\Http\{closure}(Object(Illuminate\Http\Request))
#16 C:\Users\chico\Documents\Aplicaciones Laravel\sisVentas\vendor\laravel\framework\src\Illuminate\Foundation\Http\Middleware\TransformsRequest.php(30): Illuminate\Routing\Pipeline->Illuminate\Routing\{closure}(Object(Illuminate\Http\Request))
#17 C:\Users\chico\Documents\Aplicaciones Laravel\sisVentas\vendor\laravel\framework\src\Illuminate\Pipeline\Pipeline.php(148): Illuminate\Foundation\Http\Middleware\TransformsRequest->handle(Object(Illuminate\Http\Request), Object(Closure))
#18 C:\Users\chico\Documents\Aplicaciones Laravel\sisVentas\vendor\laravel\framework\src\Illuminate\Routing\Pipeline.php(53): Illuminate\Pipeline\Pipeline->Illuminate\Pipeline\{closure}(Object(Illuminate\Http\Request))
#19 C:\Users\chico\Documents\Aplicaciones Laravel\sisVentas\vendor\laravel\framework\src\Illuminate\Foundation\Http\Middleware\TransformsRequest.php(30): Illuminate\Routing\Pipeline->Illuminate\Routing\{closure}(Object(Illuminate\Http\Request))
#20 C:\Users\chico\Documents\Aplicaciones Laravel\sisVentas\vendor\laravel\framework\src\Illuminate\Pipeline\Pipeline.php(148): Illuminate\Foundation\Http\Middleware\TransformsRequest->handle(Object(Illuminate\Http\Request), Object(Closure))
#21 C:\Users\chico\Documents\Aplicaciones Laravel\sisVentas\vendor\laravel\framework\src\Illuminate\Routing\Pipeline.php(53): Illuminate\Pipeline\Pipeline->Illuminate\Pipeline\{closure}(Object(Illuminate\Http\Request))
#22 C:\Users\chico\Documents\Aplicaciones Laravel\sisVentas\vendor\laravel\framework\src\Illuminate\Foundation\Http\Middleware\ValidatePostSize.php(27): Illuminate\Routing\Pipeline->Illuminate\Routing\{closure}(Object(Illuminate\Http\Request))
#23 C:\Users\chico\Documents\Aplicaciones Laravel\sisVentas\vendor\laravel\framework\src\Illuminate\Pipeline\Pipeline.php(148): Illuminate\Foundation\Http\Middleware\ValidatePostSize->handle(Object(Illuminate\Http\Request), Object(Closure))
#24 C:\Users\chico\Documents\Aplicaciones Laravel\sisVentas\vendor\laravel\framework\src\Illuminate\Routing\Pipeline.php(53): Illuminate\Pipeline\Pipeline->Illuminate\Pipeline\{closure}(Object(Illuminate\Http\Request))
#25 C:\Users\chico\Documents\Aplicaciones Laravel\sisVentas\vendor\laravel\framework\src\Illuminate\Foundation\Http\Middleware\CheckForMaintenanceMode.php(46): Illuminate\Routing\Pipeline->Illuminate\Routing\{closure}(Object(Illuminate\Http\Request))
#26 C:\Users\chico\Documents\Aplicaciones Laravel\sisVentas\vendor\laravel\framework\src\Illuminate\Pipeline\Pipeline.php(148): Illuminate\Foundation\Http\Middleware\CheckForMaintenanceMode->handle(Object(Illuminate\Http\Request), Object(Closure))
#27 C:\Users\chico\Documents\Aplicaciones Laravel\sisVentas\vendor\laravel\framework\src\Illuminate\Routing\Pipeline.php(53): Illuminate\Pipeline\Pipeline->Illuminate\Pipeline\{closure}(Object(Illuminate\Http\Request))
#28 C:\Users\chico\Documents\Aplicaciones Laravel\sisVentas\vendor\laravel\framework\src\Illuminate\Pipeline\Pipeline.php(102): Illuminate\Routing\Pipeline->Illuminate\Routing\{closure}(Object(Illuminate\Http\Request))
#29 C:\Users\chico\Documents\Aplicaciones Laravel\sisVentas\vendor\laravel\framework\src\Illuminate\Foundation\Http\Kernel.php(149): Illuminate\Pipeline\Pipeline->then(Object(Closure))
#30 C:\Users\chico\Documents\Aplicaciones Laravel\sisVentas\vendor\laravel\framework\src\Illuminate\Foundation\Http\Kernel.php(116): Illuminate\Foundation\Http\Kernel->sendRequestThroughRouter(Object(Illuminate\Http\Request))
#31 C:\Users\chico\Documents\Aplicaciones Laravel\sisVentas\public\index.php(53): Illuminate\Foundation\Http\Kernel->handle(Object(Illuminate\Http\Request))
#32 C:\Users\chico\Documents\Aplicaciones Laravel\sisVentas\server.php(21): require_once('C:\\Users\\chico\\...')
#33 {main}  
